[debug] > Exec(early(addDefaultCommands), None, None)
[debug] > Exec(addDefaultCommands, None, None)
[debug] > Exec(early(initialize), None, None)
[debug] > Exec(initialize, None, None)
[debug] > Exec(boot, None, None)
[debug] > Exec(writeSbtVersion, None, None)
[debug] > Exec(reload, None, None)
[debug] > Exec(sbtStashOnFailure, None, None)
[debug] > Exec(onFailure loadFailed, None, None)
[debug] > Exec(loadp, None, None)
[info] welcome to sbt 1.6.2 (Oracle Corporation Java 1.8.0_321)
[debug]       Load.loadUnit: plugins took 75.2957ms
[debug]       Load.loadUnit: defsScala took 0.2693ms
[debug] [Loading] Scanning directory C:\Users\luoab\.sbt\1.0\plugins
[debug] [Loading] Found non-root projects 
[debug] [Loading] Done in C:\Users\luoab\.sbt\1.0\plugins, returning: ()
[debug] deducing auto plugins based on known facts Set(Atom(sbt.plugins.CorePlugin)) and clauses Clauses(Clause(Atom(sbt.plugins.JvmPlugin),Set(Atom(sbt.plugins.IvyPlugin)))
[debug] Clause(Atom(sbt.ScriptedPlugin),Set(Atom(sbt.plugins.JvmPlugin)))
[debug] Clause(Atom(sbt.plugins.SbtPlugin),Set(Atom(sbt.ScriptedPlugin)))
[debug] Clause(Atom(sbt.plugins.SemanticdbPlugin),Set(Atom(sbt.plugins.JvmPlugin)))
[debug] Clause(Atom(sbt.plugins.JUnitXmlReportPlugin),Set(Atom(sbt.plugins.JvmPlugin)))
[debug] Clause(Atom(sbt.plugins.MiniDependencyTreePlugin),Set(Atom(sbt.plugins.JvmPlugin)))
[debug] Clause(Atom(sbt.plugins.CorePlugin),Set(Atom(sbt.plugins.IvyPlugin)))
[debug] Clause(Atom(sbt.plugins.IvyPlugin),Set(Atom(sbt.plugins.JvmPlugin)))
[debug] Clause(Atom(sbt.plugins.JvmPlugin),Set(Atom(sbt.plugins.SemanticdbPlugin)))
[debug] Clause(Atom(sbt.plugins.JvmPlugin),Set(Atom(sbt.plugins.JUnitXmlReportPlugin)))
[debug] Clause(Atom(sbt.plugins.CorePlugin),Set(Atom(sbt.plugins.Giter8TemplatePlugin)))
[debug] Clause(Atom(sbt.plugins.JvmPlugin),Set(Atom(sbt.plugins.MiniDependencyTreePlugin))))
[debug]   :: deduced result: Matched(sbt.plugins.CorePlugin,sbt.plugins.Giter8TemplatePlugin,sbt.plugins.IvyPlugin,sbt.plugins.JvmPlugin,sbt.plugins.MiniDependencyTreePlugin,sbt.plugins.JUnitXmlReportPlugin,sbt.plugins.SemanticdbPlugin)
[debug] Plugins.deducer#function took 16.5868 ms
[debug]           Load.resolveProject(global-plugins) took 46.7661ms
[debug]         Load.loadTransitive: finalizeProject(Project(id global-plugins, base: C:\Users\luoab\.sbt\1.0\plugins, plugins: List(<none>))) took 85.1611ms
[debug] [Loading] Done in C:\Users\luoab\.sbt\1.0\plugins, returning: (global-plugins)
[debug]       Load.loadUnit: loadedProjectsRaw took 103.286ms
[debug]       Load.loadUnit: cleanEvalClasses took 0.2343ms
[debug]     Load.loadUnit(file:/C:/Users/luoab/.sbt/1.0/plugins/, ...) took 185.7726ms
[debug]   Load.apply: load took 340.709ms
[debug]   Load.apply: resolveProjects took 5.5644ms
[debug]   Load.apply: finalTransforms took 55.4372ms
[debug]   Load.apply: config.delegates took 6.2986ms
[debug]   Load.apply: Def.make(settings)... took 308.092ms
[debug]   Load.apply: structureIndex took 91.109ms
[debug]   Load.apply: mkStreams took 2.175ms
[info] loading global plugins from C:\Users\luoab\.sbt\1.0\plugins
[debug] Running task... Cancel: Signal, check cycles: false, forcegc: true
[warn] sbt-1.6.2.jar no longer exists at C:\Users\luoab\AppData\Local\Coursier\Cache\v1\https\repo1.maven.org\maven2\org\scala-sbt\sbt\1.6.2\sbt-1.6.2.jar
[debug] Load.defaultLoad until apply took 36148.3056ms
[debug]           Load.loadUnit: plugins took 13.0539ms
[debug]           Load.loadUnit: defsScala took 0.0029ms
[debug] [Loading] Scanning directory C:\Users\luoab\Documents\GitHub\shalicon\project
[debug] [Loading] Found non-root projects 
[debug] [Loading] Done in C:\Users\luoab\Documents\GitHub\shalicon\project, returning: ()
[debug] deducing auto plugins based on known facts Set(Atom(sbt.plugins.CorePlugin)) and clauses Clauses(Clause(Atom(sbt.plugins.JvmPlugin),Set(Atom(sbt.plugins.IvyPlugin)))
[debug] Clause(Atom(sbt.ScriptedPlugin),Set(Atom(sbt.plugins.JvmPlugin)))
[debug] Clause(Atom(sbt.plugins.SbtPlugin),Set(Atom(sbt.ScriptedPlugin)))
[debug] Clause(Atom(sbt.plugins.SemanticdbPlugin),Set(Atom(sbt.plugins.JvmPlugin)))
[debug] Clause(Atom(sbt.plugins.JUnitXmlReportPlugin),Set(Atom(sbt.plugins.JvmPlugin)))
[debug] Clause(Atom(sbt.plugins.MiniDependencyTreePlugin),Set(Atom(sbt.plugins.JvmPlugin)))
[debug] Clause(Atom(sbt.plugins.CorePlugin),Set(Atom(sbt.plugins.IvyPlugin)))
[debug] Clause(Atom(sbt.plugins.IvyPlugin),Set(Atom(sbt.plugins.JvmPlugin)))
[debug] Clause(Atom(sbt.plugins.JvmPlugin),Set(Atom(sbt.plugins.SemanticdbPlugin)))
[debug] Clause(Atom(sbt.plugins.JvmPlugin),Set(Atom(sbt.plugins.JUnitXmlReportPlugin)))
[debug] Clause(Atom(sbt.plugins.CorePlugin),Set(Atom(sbt.plugins.Giter8TemplatePlugin)))
[debug] Clause(Atom(sbt.plugins.JvmPlugin),Set(Atom(sbt.plugins.MiniDependencyTreePlugin))))
[debug]   :: deduced result: Matched(sbt.plugins.CorePlugin,sbt.plugins.Giter8TemplatePlugin,sbt.plugins.IvyPlugin,sbt.plugins.JvmPlugin,sbt.plugins.MiniDependencyTreePlugin,sbt.plugins.JUnitXmlReportPlugin,sbt.plugins.SemanticdbPlugin)
[debug] Plugins.deducer#function took 1.2262 ms
[debug]               Load.resolveProject(shalicon-build) took 1.2664ms
[debug]             Load.loadTransitive: finalizeProject(Project(id shalicon-build, base: C:\Users\luoab\Documents\GitHub\shalicon\project, plugins: List(<none>))) took 2.9431ms
[debug] [Loading] Done in C:\Users\luoab\Documents\GitHub\shalicon\project, returning: (shalicon-build)
[debug]           Load.loadUnit: loadedProjectsRaw took 4.3687ms
[debug]           Load.loadUnit: cleanEvalClasses took 0.0085ms
[debug]         Load.loadUnit(file:/C:/Users/luoab/Documents/GitHub/shalicon/project/, ...) took 18.1475ms
[debug]       Load.apply: load took 19.5977ms
[debug]       Load.apply: resolveProjects took 0.1231ms
[debug]       Load.apply: finalTransforms took 6.4501ms
[debug]       Load.apply: config.delegates took 0.3018ms
[debug]       Load.apply: Def.make(settings)... took 62.6226ms
[debug]       Load.apply: structureIndex took 17.9281ms
[debug]       Load.apply: mkStreams took 0.0036ms
[info] loading project definition from C:\Users\luoab\Documents\GitHub\shalicon\project
[debug] Running task... Cancel: Signal, check cycles: false, forcegc: true
[debug]     Load.loadUnit: plugins took 357.4751ms
[debug]     Load.loadUnit: defsScala took 0.0039ms
[debug] [Loading] Scanning directory C:\Users\luoab\Documents\GitHub\shalicon
[debug]       Load.loadUnit: mkEval took 9.435ms
[debug] [Loading] Found root project root w/ remaining 
[debug] deducing auto plugins based on known facts Set(Atom(sbt.plugins.CorePlugin)) and clauses Clauses(Clause(Atom(sbt.plugins.JvmPlugin),Set(Atom(sbt.plugins.IvyPlugin)))
[debug] Clause(Atom(sbt.ScriptedPlugin),Set(Atom(sbt.plugins.JvmPlugin)))
[debug] Clause(Atom(sbt.plugins.SbtPlugin),Set(Atom(sbt.ScriptedPlugin)))
[debug] Clause(Atom(sbt.plugins.SemanticdbPlugin),Set(Atom(sbt.plugins.JvmPlugin)))
[debug] Clause(Atom(sbt.plugins.JUnitXmlReportPlugin),Set(Atom(sbt.plugins.JvmPlugin)))
[debug] Clause(Atom(sbt.plugins.MiniDependencyTreePlugin),Set(Atom(sbt.plugins.JvmPlugin)))
[debug] Clause(Atom(sbt.plugins.CorePlugin),Set(Atom(sbt.plugins.IvyPlugin)))
[debug] Clause(Atom(sbt.plugins.IvyPlugin),Set(Atom(sbt.plugins.JvmPlugin)))
[debug] Clause(Atom(sbt.plugins.JvmPlugin),Set(Atom(sbt.plugins.SemanticdbPlugin)))
[debug] Clause(Atom(sbt.plugins.JvmPlugin),Set(Atom(sbt.plugins.JUnitXmlReportPlugin)))
[debug] Clause(Atom(sbt.plugins.CorePlugin),Set(Atom(sbt.plugins.Giter8TemplatePlugin)))
[debug] Clause(Atom(sbt.plugins.JvmPlugin),Set(Atom(sbt.plugins.MiniDependencyTreePlugin))))
[debug]   :: deduced result: Matched(sbt.plugins.CorePlugin,sbt.plugins.Giter8TemplatePlugin,sbt.plugins.IvyPlugin,sbt.plugins.JvmPlugin,sbt.plugins.MiniDependencyTreePlugin,sbt.plugins.JUnitXmlReportPlugin,sbt.plugins.SemanticdbPlugin)
[debug] Plugins.deducer#function took 0.7547 ms
[info] loading settings for project root from build.sbt ...
[debug]         Load.resolveProject(root) took 2.48ms
[debug]       Load.loadTransitive: finalizeProject(Project(id root, base: C:\Users\luoab\Documents\GitHub\shalicon, plugins: List(<none>))) took 4.1084ms
[debug] [Loading] Done in C:\Users\luoab\Documents\GitHub\shalicon, returning: (root)
[debug]     Load.loadUnit: loadedProjectsRaw took 184.4957ms
[debug]     Load.loadUnit: cleanEvalClasses took 5.7811ms
[debug]   Load.loadUnit(file:/C:/Users/luoab/Documents/GitHub/shalicon/, ...) took 548.5732ms
[debug] Load.apply: load took 549.7317ms
[debug] Load.apply: resolveProjects took 0.0955ms
[debug] Load.apply: finalTransforms took 5.7721ms
[debug] Load.apply: config.delegates took 0.236ms
[debug] Load.apply: Def.make(settings)... took 42.041ms
[debug] Load.apply: structureIndex took 15.6407ms
[debug] Load.apply: mkStreams took 0.0033ms
[info] set current project to Shalicon (in build file:/C:/Users/luoab/Documents/GitHub/shalicon/)
[debug] > Exec(sbtPopOnFailure, None, None)
[debug] > Exec(resumeFromFailure, None, None)
[debug] > Exec(notifyUsersAboutShell, None, None)
[debug] > Exec(iflast shell, None, None)
[debug] > Exec(shell, None, None)
[info] sbt server started at local:sbt-server-c76aa78534d70a429b92
[debug] Writing bsp connection file
[info] started sbt server
