[debug] > Exec(early(addDefaultCommands), None, None)
[debug] > Exec(addDefaultCommands, None, None)
[debug] > Exec(early(initialize), None, None)
[debug] > Exec(initialize, None, None)
[debug] > Exec(boot, None, None)
[debug] > Exec(writeSbtVersion, None, None)
[debug] > Exec(reload, None, None)
[debug] > Exec(sbtStashOnFailure, None, None)
[debug] > Exec(onFailure loadFailed, None, None)
[debug] > Exec(loadp, None, None)
[info] welcome to sbt 1.6.2 (Oracle Corporation Java 1.8.0_321)
[debug]       Load.loadUnit: plugins took 66.7121ms
[debug]       Load.loadUnit: defsScala took 0.274ms
[debug] [Loading] Scanning directory C:\Users\luoab\.sbt\1.0\plugins
[debug] [Loading] Found non-root projects 
[debug] [Loading] Done in C:\Users\luoab\.sbt\1.0\plugins, returning: ()
[debug] deducing auto plugins based on known facts Set(Atom(sbt.plugins.CorePlugin)) and clauses Clauses(Clause(Atom(sbt.plugins.JvmPlugin),Set(Atom(sbt.plugins.IvyPlugin)))
[debug] Clause(Atom(sbt.ScriptedPlugin),Set(Atom(sbt.plugins.JvmPlugin)))
[debug] Clause(Atom(sbt.plugins.SbtPlugin),Set(Atom(sbt.ScriptedPlugin)))
[debug] Clause(Atom(sbt.plugins.SemanticdbPlugin),Set(Atom(sbt.plugins.JvmPlugin)))
[debug] Clause(Atom(sbt.plugins.JUnitXmlReportPlugin),Set(Atom(sbt.plugins.JvmPlugin)))
[debug] Clause(Atom(sbt.plugins.MiniDependencyTreePlugin),Set(Atom(sbt.plugins.JvmPlugin)))
[debug] Clause(Atom(sbt.plugins.CorePlugin),Set(Atom(sbt.plugins.IvyPlugin)))
[debug] Clause(Atom(sbt.plugins.IvyPlugin),Set(Atom(sbt.plugins.JvmPlugin)))
[debug] Clause(Atom(sbt.plugins.JvmPlugin),Set(Atom(sbt.plugins.SemanticdbPlugin)))
[debug] Clause(Atom(sbt.plugins.JvmPlugin),Set(Atom(sbt.plugins.JUnitXmlReportPlugin)))
[debug] Clause(Atom(sbt.plugins.CorePlugin),Set(Atom(sbt.plugins.Giter8TemplatePlugin)))
[debug] Clause(Atom(sbt.plugins.JvmPlugin),Set(Atom(sbt.plugins.MiniDependencyTreePlugin))))
[debug]   :: deduced result: Matched(sbt.plugins.CorePlugin,sbt.plugins.Giter8TemplatePlugin,sbt.plugins.IvyPlugin,sbt.plugins.JvmPlugin,sbt.plugins.MiniDependencyTreePlugin,sbt.plugins.JUnitXmlReportPlugin,sbt.plugins.SemanticdbPlugin)
[debug] Plugins.deducer#function took 13.0252 ms
[debug]           Load.resolveProject(global-plugins) took 34.9977ms
[debug]         Load.loadTransitive: finalizeProject(Project(id global-plugins, base: C:\Users\luoab\.sbt\1.0\plugins, plugins: List(<none>))) took 67.8442ms
[debug] [Loading] Done in C:\Users\luoab\.sbt\1.0\plugins, returning: (global-plugins)
[debug]       Load.loadUnit: loadedProjectsRaw took 83.6409ms
[debug]       Load.loadUnit: cleanEvalClasses took 0.2052ms
[debug]     Load.loadUnit(file:/C:/Users/luoab/.sbt/1.0/plugins/, ...) took 156.9597ms
[debug]   Load.apply: load took 266.6132ms
[debug]   Load.apply: resolveProjects took 5.125ms
[debug]   Load.apply: finalTransforms took 45.842ms
[debug]   Load.apply: config.delegates took 7.2067ms
[debug]   Load.apply: Def.make(settings)... took 308.4984ms
[debug]   Load.apply: structureIndex took 80.7897ms
[debug]   Load.apply: mkStreams took 1.7897ms
[info] loading global plugins from C:\Users\luoab\.sbt\1.0\plugins
[debug] Running task... Cancel: Signal, check cycles: false, forcegc: true
[debug] Load.defaultLoad until apply took 2570.8698ms
[debug]           Load.loadUnit: plugins took 18.0228ms
[debug]           Load.loadUnit: defsScala took 0.0068ms
[debug] [Loading] Scanning directory C:\Users\luoab\Documents\GitHub\shalicon\project
[debug] [Loading] Found non-root projects 
[debug] [Loading] Done in C:\Users\luoab\Documents\GitHub\shalicon\project, returning: ()
[debug] deducing auto plugins based on known facts Set(Atom(sbt.plugins.CorePlugin)) and clauses Clauses(Clause(Atom(sbt.plugins.JvmPlugin),Set(Atom(sbt.plugins.IvyPlugin)))
[debug] Clause(Atom(sbt.ScriptedPlugin),Set(Atom(sbt.plugins.JvmPlugin)))
[debug] Clause(Atom(sbt.plugins.SbtPlugin),Set(Atom(sbt.ScriptedPlugin)))
[debug] Clause(Atom(sbt.plugins.SemanticdbPlugin),Set(Atom(sbt.plugins.JvmPlugin)))
[debug] Clause(Atom(sbt.plugins.JUnitXmlReportPlugin),Set(Atom(sbt.plugins.JvmPlugin)))
[debug] Clause(Atom(sbt.plugins.MiniDependencyTreePlugin),Set(Atom(sbt.plugins.JvmPlugin)))
[debug] Clause(Atom(sbt.plugins.CorePlugin),Set(Atom(sbt.plugins.IvyPlugin)))
[debug] Clause(Atom(sbt.plugins.IvyPlugin),Set(Atom(sbt.plugins.JvmPlugin)))
[debug] Clause(Atom(sbt.plugins.JvmPlugin),Set(Atom(sbt.plugins.SemanticdbPlugin)))
[debug] Clause(Atom(sbt.plugins.JvmPlugin),Set(Atom(sbt.plugins.JUnitXmlReportPlugin)))
[debug] Clause(Atom(sbt.plugins.CorePlugin),Set(Atom(sbt.plugins.Giter8TemplatePlugin)))
[debug] Clause(Atom(sbt.plugins.JvmPlugin),Set(Atom(sbt.plugins.MiniDependencyTreePlugin))))
[debug]   :: deduced result: Matched(sbt.plugins.CorePlugin,sbt.plugins.Giter8TemplatePlugin,sbt.plugins.IvyPlugin,sbt.plugins.JvmPlugin,sbt.plugins.MiniDependencyTreePlugin,sbt.plugins.JUnitXmlReportPlugin,sbt.plugins.SemanticdbPlugin)
[debug] Plugins.deducer#function took 1.9681 ms
[debug]               Load.resolveProject(shalicon-build) took 1.0976ms
[debug]             Load.loadTransitive: finalizeProject(Project(id shalicon-build, base: C:\Users\luoab\Documents\GitHub\shalicon\project, plugins: List(<none>))) took 3.6799ms
[debug] [Loading] Done in C:\Users\luoab\Documents\GitHub\shalicon\project, returning: (shalicon-build)
[debug]           Load.loadUnit: loadedProjectsRaw took 5.8183ms
[debug]           Load.loadUnit: cleanEvalClasses took 0.0106ms
[debug]         Load.loadUnit(file:/C:/Users/luoab/Documents/GitHub/shalicon/project/, ...) took 24.7903ms
[debug]       Load.apply: load took 26.0674ms
[debug]       Load.apply: resolveProjects took 0.1345ms
[debug]       Load.apply: finalTransforms took 7.4471ms
[debug]       Load.apply: config.delegates took 0.3113ms
[debug]       Load.apply: Def.make(settings)... took 96.0142ms
[debug]       Load.apply: structureIndex took 25.8978ms
[debug]       Load.apply: mkStreams took 0.0039ms
[info] loading project definition from C:\Users\luoab\Documents\GitHub\shalicon\project
[debug] Running task... Cancel: Signal, check cycles: false, forcegc: true
[debug]     Load.loadUnit: plugins took 355.2811ms
[debug]     Load.loadUnit: defsScala took 0.0017ms
[debug] [Loading] Scanning directory C:\Users\luoab\Documents\GitHub\shalicon
[debug]       Load.loadUnit: mkEval took 6.6451ms
[debug] [Loading] Found root project root w/ remaining 
[debug] deducing auto plugins based on known facts Set(Atom(sbt.plugins.CorePlugin)) and clauses Clauses(Clause(Atom(sbt.plugins.JvmPlugin),Set(Atom(sbt.plugins.IvyPlugin)))
[debug] Clause(Atom(sbt.ScriptedPlugin),Set(Atom(sbt.plugins.JvmPlugin)))
[debug] Clause(Atom(sbt.plugins.SbtPlugin),Set(Atom(sbt.ScriptedPlugin)))
[debug] Clause(Atom(sbt.plugins.SemanticdbPlugin),Set(Atom(sbt.plugins.JvmPlugin)))
[debug] Clause(Atom(sbt.plugins.JUnitXmlReportPlugin),Set(Atom(sbt.plugins.JvmPlugin)))
[debug] Clause(Atom(sbt.plugins.MiniDependencyTreePlugin),Set(Atom(sbt.plugins.JvmPlugin)))
[debug] Clause(Atom(sbt.plugins.CorePlugin),Set(Atom(sbt.plugins.IvyPlugin)))
[debug] Clause(Atom(sbt.plugins.IvyPlugin),Set(Atom(sbt.plugins.JvmPlugin)))
[debug] Clause(Atom(sbt.plugins.JvmPlugin),Set(Atom(sbt.plugins.SemanticdbPlugin)))
[debug] Clause(Atom(sbt.plugins.JvmPlugin),Set(Atom(sbt.plugins.JUnitXmlReportPlugin)))
[debug] Clause(Atom(sbt.plugins.CorePlugin),Set(Atom(sbt.plugins.Giter8TemplatePlugin)))
[debug] Clause(Atom(sbt.plugins.JvmPlugin),Set(Atom(sbt.plugins.MiniDependencyTreePlugin))))
[debug]   :: deduced result: Matched(sbt.plugins.CorePlugin,sbt.plugins.Giter8TemplatePlugin,sbt.plugins.IvyPlugin,sbt.plugins.JvmPlugin,sbt.plugins.MiniDependencyTreePlugin,sbt.plugins.JUnitXmlReportPlugin,sbt.plugins.SemanticdbPlugin)
[debug] Plugins.deducer#function took 1.2252 ms
[info] loading settings for project root from build.sbt ...
[debug]         Load.resolveProject(root) took 2.8976ms
[debug]       Load.loadTransitive: finalizeProject(Project(id root, base: C:\Users\luoab\Documents\GitHub\shalicon, plugins: List(<none>))) took 5.5056ms
[debug] [Loading] Done in C:\Users\luoab\Documents\GitHub\shalicon, returning: (root)
[debug]     Load.loadUnit: loadedProjectsRaw took 213.337ms
[debug]     Load.loadUnit: cleanEvalClasses took 8.6026ms
[debug]   Load.loadUnit(file:/C:/Users/luoab/Documents/GitHub/shalicon/, ...) took 578.0062ms
[debug] Load.apply: load took 579.465ms
[debug] Load.apply: resolveProjects took 0.0918ms
[debug] Load.apply: finalTransforms took 4.5131ms
[debug] Load.apply: config.delegates took 0.3941ms
[debug] Load.apply: Def.make(settings)... took 63.6072ms
[debug] Load.apply: structureIndex took 19.6878ms
[debug] Load.apply: mkStreams took 0.0029ms
[info] set current project to Shalicon (in build file:/C:/Users/luoab/Documents/GitHub/shalicon/)
[debug] > Exec(sbtPopOnFailure, None, None)
[debug] > Exec(resumeFromFailure, None, None)
[debug] > Exec(notifyUsersAboutShell, None, None)
[debug] > Exec(iflast shell, None, None)
[debug] > Exec(shell, None, None)
[info] sbt server started at local:sbt-server-c76aa78534d70a429b92
[debug] Writing bsp connection file
[info] started sbt server
